<?xml version="1.0" encoding="UTF-8"?>
<!-- Generated by org.testng.reporters.JUnitReportReporter -->
<testsuite hostname="DESKTOP-LGEJOEP" failures="0" tests="2" name="qaclickacademy.Maven.SeleniumTest" time="0.000" errors="0" timestamp="2022-03-17T00:03:28 IST" skipped="0">
  <testcase classname="qaclickacademy.Maven.SeleniumTest" name="display" time="0.000"/>
  <system-out/>
  <testcase classname="qaclickacademy.Maven.SeleniumTest" name="show" time="0.000"/>
  <system-out/>
</testsuite> <!-- qaclickacademy.Maven.SeleniumTest -->
