<?xml version="1.0" encoding="UTF-8"?>
<!-- Generated by org.testng.reporters.JUnitReportReporter -->
<testsuite hostname="DESKTOP-LGEJOEP" failures="0" tests="2" name="qaclickacademy.Maven.APITest" time="0.008" errors="0" timestamp="2022-03-17T00:03:28 IST" skipped="0">
  <testcase classname="qaclickacademy.Maven.APITest" name="greater" time="0.007"/>
  <system-out/>
  <testcase classname="qaclickacademy.Maven.APITest" name="smaller" time="0.001"/>
  <system-out/>
</testsuite> <!-- qaclickacademy.Maven.APITest -->
