<?xml version="1.0" encoding="UTF-8"?>
<!-- Generated by org.testng.reporters.JUnitReportReporter -->
<testsuite hostname="DESKTOP-LGEJOEP" failures="0" tests="2" name="qaclickacademy.Maven.AppiumTest" time="0.000" errors="0" timestamp="2022-03-17T00:02:34 IST" skipped="0">
  <testcase classname="qaclickacademy.Maven.AppiumTest" name="add" time="0.000"/>
  <system-out/>
  <testcase classname="qaclickacademy.Maven.AppiumTest" name="sub" time="0.000"/>
  <system-out/>
</testsuite> <!-- qaclickacademy.Maven.AppiumTest -->
